<?xml version="1.0" encoding="UTF-8"?>
<!-- Generated by org.testng.reporters.JUnitReportReporter -->
<testsuite hostname="DESKTOP-3LVC8ES" failures="0" tests="1" name="Runner.TestRunner" time="129.554" errors="0" timestamp="2021-08-11T17:09:01 IST" skipped="0">
  <testcase classname="Runner.TestRunner" name="feature" time="129.554"/>
  <system-out/>
</testsuite> <!-- Runner.TestRunner -->
